<?xml version="1.0" encoding="UTF-8"?>
<testng-results ignored="0" total="4" passed="4" failed="0" skipped="0">
  <reporter-output>
  </reporter-output>
  <suite started-at="2025-10-29T16:37:24 IST" name="Suite" finished-at="2025-10-29T16:38:07 IST" duration-ms="42740">
    <groups>
      <group name="cucumber">
        <method signature="AbstractTestNGCucumberTests.runScenario(io.cucumber.testng.PickleWrapper,io.cucumber.testng.FeatureWrapper)[pri:0, instance:Com.Gmail.Runner.TestRunner2@3d34d211]" name="runScenario" class="io.cucumber.testng.AbstractTestNGCucumberTests"/>
      </group> <!-- cucumber -->
    </groups>
    <test started-at="2025-10-29T16:37:24 IST" name="Test" finished-at="2025-10-29T16:38:07 IST" duration-ms="42740">
      <class name="Com.Gmail.Runner.TestRunner2">
        <test-method is-config="true" signature="setUpClass(org.testng.ITestContext)[pri:0, instance:Com.Gmail.Runner.TestRunner2@3d34d211]" started-at="2025-10-29T16:37:24 IST" name="setUpClass" finished-at="2025-10-29T16:37:25 IST" duration-ms="1126" status="PASS">
          <params>
            <param index="0">
              <value>
                <![CDATA[org.testng.TestRunner@3f1a9a53]]>
              </value>
            </param>
          </params>
          <reporter-output>
          </reporter-output>
        </test-method> <!-- setUpClass -->
        <test-method signature="runScenario(io.cucumber.testng.PickleWrapper,io.cucumber.testng.FeatureWrapper)[pri:0, instance:Com.Gmail.Runner.TestRunner2@3d34d211]" started-at="2025-10-29T16:37:25 IST" name="runScenario" description="Runs Cucumber Scenarios" data-provider="scenarios" finished-at="2025-10-29T16:37:34 IST" duration-ms="8730" status="PASS">
          <params>
            <param index="0">
              <value>
                <![CDATA["Logintable using correct username and correct password"]]>
              </value>
            </param>
            <param index="1">
              <value>
                <![CDATA["logintable"]]>
              </value>
            </param>
          </params>
          <reporter-output>
          </reporter-output>
        </test-method> <!-- runScenario -->
        <test-method signature="runScenario(io.cucumber.testng.PickleWrapper,io.cucumber.testng.FeatureWrapper)[pri:0, instance:Com.Gmail.Runner.TestRunner2@3d34d211]" started-at="2025-10-29T16:37:34 IST" name="runScenario" description="Runs Cucumber Scenarios" data-provider="scenarios" finished-at="2025-10-29T16:37:41 IST" duration-ms="6527" status="PASS">
          <params>
            <param index="0">
              <value>
                <![CDATA["Logintable using correct username and correct password"]]>
              </value>
            </param>
            <param index="1">
              <value>
                <![CDATA["logintable"]]>
              </value>
            </param>
          </params>
          <reporter-output>
          </reporter-output>
        </test-method> <!-- runScenario -->
        <test-method signature="runScenario(io.cucumber.testng.PickleWrapper,io.cucumber.testng.FeatureWrapper)[pri:0, instance:Com.Gmail.Runner.TestRunner2@3d34d211]" started-at="2025-10-29T16:37:41 IST" name="runScenario" description="Runs Cucumber Scenarios" data-provider="scenarios" finished-at="2025-10-29T16:37:53 IST" duration-ms="12449" status="PASS">
          <params>
            <param index="0">
              <value>
                <![CDATA["Logintable using correct username and correct password"]]>
              </value>
            </param>
            <param index="1">
              <value>
                <![CDATA["logintable"]]>
              </value>
            </param>
          </params>
          <reporter-output>
          </reporter-output>
        </test-method> <!-- runScenario -->
        <test-method signature="runScenario(io.cucumber.testng.PickleWrapper,io.cucumber.testng.FeatureWrapper)[pri:0, instance:Com.Gmail.Runner.TestRunner2@3d34d211]" started-at="2025-10-29T16:37:53 IST" name="runScenario" description="Runs Cucumber Scenarios" data-provider="scenarios" finished-at="2025-10-29T16:38:06 IST" duration-ms="13158" status="PASS">
          <params>
            <param index="0">
              <value>
                <![CDATA["Logintable using correct username and correct password"]]>
              </value>
            </param>
            <param index="1">
              <value>
                <![CDATA["logintable"]]>
              </value>
            </param>
          </params>
          <reporter-output>
          </reporter-output>
        </test-method> <!-- runScenario -->
        <test-method is-config="true" signature="tearDownClass()[pri:0, instance:Com.Gmail.Runner.TestRunner2@3d34d211]" started-at="2025-10-29T16:38:06 IST" name="tearDownClass" finished-at="2025-10-29T16:38:07 IST" duration-ms="682" status="PASS">
          <reporter-output>
          </reporter-output>
        </test-method> <!-- tearDownClass -->
      </class> <!-- Com.Gmail.Runner.TestRunner2 -->
    </test> <!-- Test -->
  </suite> <!-- Suite -->
</testng-results>
