<?xml version="1.0" encoding="UTF-8"?>
<testng-results ignored="0" total="4" passed="4" failed="0" skipped="0">
  <reporter-output>
  </reporter-output>
  <suite started-at="2025-10-29T17:12:06 IST" name="Suite" finished-at="2025-10-29T17:12:45 IST" duration-ms="38699">
    <groups>
      <group name="cucumber">
        <method signature="AbstractTestNGCucumberTests.runScenario(io.cucumber.testng.PickleWrapper,io.cucumber.testng.FeatureWrapper)[pri:0, instance:Com.Gmail.Runner.TestRunner2@65fb9ffc]" name="runScenario" class="io.cucumber.testng.AbstractTestNGCucumberTests"/>
      </group> <!-- cucumber -->
    </groups>
    <test started-at="2025-10-29T17:12:06 IST" name="Test" finished-at="2025-10-29T17:12:45 IST" duration-ms="38699">
      <class name="Com.Gmail.Runner.TestRunner2">
        <test-method is-config="true" signature="setUpClass(org.testng.ITestContext)[pri:0, instance:Com.Gmail.Runner.TestRunner2@65fb9ffc]" started-at="2025-10-29T17:12:06 IST" name="setUpClass" finished-at="2025-10-29T17:12:07 IST" duration-ms="1081" status="PASS">
          <params>
            <param index="0">
              <value>
                <![CDATA[org.testng.TestRunner@7061622]]>
              </value>
            </param>
          </params>
          <reporter-output>
          </reporter-output>
        </test-method> <!-- setUpClass -->
        <test-method signature="runScenario(io.cucumber.testng.PickleWrapper,io.cucumber.testng.FeatureWrapper)[pri:0, instance:Com.Gmail.Runner.TestRunner2@65fb9ffc]" started-at="2025-10-29T17:12:07 IST" name="runScenario" description="Runs Cucumber Scenarios" data-provider="scenarios" finished-at="2025-10-29T17:12:14 IST" duration-ms="7139" status="PASS">
          <params>
            <param index="0">
              <value>
                <![CDATA["Logintable using correct username and correct password"]]>
              </value>
            </param>
            <param index="1">
              <value>
                <![CDATA["logintable"]]>
              </value>
            </param>
          </params>
          <reporter-output>
          </reporter-output>
        </test-method> <!-- runScenario -->
        <test-method signature="runScenario(io.cucumber.testng.PickleWrapper,io.cucumber.testng.FeatureWrapper)[pri:0, instance:Com.Gmail.Runner.TestRunner2@65fb9ffc]" started-at="2025-10-29T17:12:14 IST" name="runScenario" description="Runs Cucumber Scenarios" data-provider="scenarios" finished-at="2025-10-29T17:12:20 IST" duration-ms="6098" status="PASS">
          <params>
            <param index="0">
              <value>
                <![CDATA["Logintable using correct username and correct password"]]>
              </value>
            </param>
            <param index="1">
              <value>
                <![CDATA["logintable"]]>
              </value>
            </param>
          </params>
          <reporter-output>
          </reporter-output>
        </test-method> <!-- runScenario -->
        <test-method signature="runScenario(io.cucumber.testng.PickleWrapper,io.cucumber.testng.FeatureWrapper)[pri:0, instance:Com.Gmail.Runner.TestRunner2@65fb9ffc]" started-at="2025-10-29T17:12:20 IST" name="runScenario" description="Runs Cucumber Scenarios" data-provider="scenarios" finished-at="2025-10-29T17:12:32 IST" duration-ms="11878" status="PASS">
          <params>
            <param index="0">
              <value>
                <![CDATA["Logintable using correct username and correct password"]]>
              </value>
            </param>
            <param index="1">
              <value>
                <![CDATA["logintable"]]>
              </value>
            </param>
          </params>
          <reporter-output>
          </reporter-output>
        </test-method> <!-- runScenario -->
        <test-method signature="runScenario(io.cucumber.testng.PickleWrapper,io.cucumber.testng.FeatureWrapper)[pri:0, instance:Com.Gmail.Runner.TestRunner2@65fb9ffc]" started-at="2025-10-29T17:12:32 IST" name="runScenario" description="Runs Cucumber Scenarios" data-provider="scenarios" finished-at="2025-10-29T17:12:44 IST" duration-ms="11849" status="PASS">
          <params>
            <param index="0">
              <value>
                <![CDATA["Logintable using correct username and correct password"]]>
              </value>
            </param>
            <param index="1">
              <value>
                <![CDATA["logintable"]]>
              </value>
            </param>
          </params>
          <reporter-output>
          </reporter-output>
        </test-method> <!-- runScenario -->
        <test-method is-config="true" signature="tearDownClass()[pri:0, instance:Com.Gmail.Runner.TestRunner2@65fb9ffc]" started-at="2025-10-29T17:12:44 IST" name="tearDownClass" finished-at="2025-10-29T17:12:45 IST" duration-ms="594" status="PASS">
          <reporter-output>
          </reporter-output>
        </test-method> <!-- tearDownClass -->
      </class> <!-- Com.Gmail.Runner.TestRunner2 -->
    </test> <!-- Test -->
  </suite> <!-- Suite -->
</testng-results>
